<?xml version="1.0" encoding="UTF-8"?>
<testsuite name="meteorologia.apartado3.ProcesamientoTest" tests="5" skipped="0" failures="0" errors="0" timestamp="2026-04-13T09:46:43.384Z" hostname="hermes" time="0.006">
  <properties/>
  <testcase name="testIntegracionSensorConProcesador()" classname="meteorologia.apartado3.ProcesamientoTest" time="0.001"/>
  <testcase name="testConversorConcatenado()" classname="meteorologia.apartado3.ProcesamientoTest" time="0.001"/>
  <testcase name="testExcepcionConversorIncompatible()" classname="meteorologia.apartado3.ProcesamientoTest" time="0.003"/>
  <testcase name="testProcesadorDatosEstadisticas()" classname="meteorologia.apartado3.ProcesamientoTest" time="0.001"/>
  <testcase name="testConversorTemperaturaSimple()" classname="meteorologia.apartado3.ProcesamientoTest" time="0.0"/>
  <system-out><![CDATA[]]></system-out>
  <system-err><![CDATA[]]></system-err>
</testsuite>
