<?xml version="1.0" encoding="UTF-8"?>
<testsuite name="meteorologia.apartado1.EstacionMeteorologicaTest" tests="4" skipped="0" failures="0" errors="0" timestamp="2026-04-13T09:46:43.331Z" hostname="hermes" time="0.044">
  <properties/>
  <testcase name="testAñadirYRecuperarSensor()" classname="meteorologia.apartado1.EstacionMeteorologicaTest" time="0.02"/>
  <testcase name="testObtenerSensoresPorTipo()" classname="meteorologia.apartado1.EstacionMeteorologicaTest" time="0.002"/>
  <testcase name="testLanzaExcepcionSiSensorDuplicado()" classname="meteorologia.apartado1.EstacionMeteorologicaTest" time="0.004"/>
  <testcase name="testGeneracionIDsUnicos()" classname="meteorologia.apartado1.EstacionMeteorologicaTest" time="0.002"/>
  <system-out><![CDATA[]]></system-out>
  <system-err><![CDATA[]]></system-err>
</testsuite>
